<?xml version="1.0" encoding="UTF-8"?>
<!-- Generated by org.testng.reporters.JUnitXMLReporter -->
<testsuite ignored="2" hostname="MYPC" failures="0" tests="4" name="batch2" time="156.485" errors="0" timestamp="2024-12-28T10:58:23 IST">
  <testcase classname="Data_driven_testing.Puma" name="puma" time="8.091"/>
  <testcase classname="Data_driven_testing.Honda" name="honda" time="38.245"/>
  <testcase classname="Data_driven_testing.Nike" name="nike" time="32.155"/>
  <testcase classname="Data_driven_testing.Royalenfield" name="royalenfield" time="77.859"/>
  <testcase classname="Data_driven_testing.Kawasai" name="kawasai" time="0.0">
    <ignored/>
  </testcase> <!-- kawasai -->
  <testcase classname="Data_driven_testing.Adidas" name="adidas" time="0.0">
    <ignored/>
  </testcase> <!-- adidas -->
</testsuite> <!-- batch2 -->
